<?xml version="1.0" encoding="utf-8"?><testsuites name="pytest tests"><testsuite name="pytest" errors="0" failures="0" skipped="0" tests="4" time="12.380" timestamp="2026-05-09T09:08:37.649336+00:00" hostname="agent-env-5fa9fec7-edda-4cf7-8707-07675d9b05d1"><testcase classname="backend.tests.test_demandiq.TestHealth" name="test_root_endpoint" time="0.147" /><testcase classname="backend.tests.test_demandiq.TestAnalyze" name="test_analyze_valid_request" time="9.107" /><testcase classname="backend.tests.test_demandiq.TestAnalyze" name="test_analyze_missing_required_fields" time="2.899" /><testcase classname="backend.tests.test_demandiq.TestAnalyze" name="test_analyze_missing_body" time="0.097" /></testsuite></testsuites>